@@@@@@@@@@@@@@@@@@@@@@@@@@@@@@@@@@@@@@@@@@@@@@@@@@@@@@@@@@@@@@@@@@@@@@@
@@@@                                                               @@@@
@@          /        ==============================        /         @@
@         ////           @@       @@  #@                  ////        @
@         ////*          @@ @%  @ @@     @@  @ #@#       /////        @
@     ((( ////))))   @@  @% @%  @ @@  #@ @@  @ #@@#   ///////( ///    @
@     ((((, / )))))   @@@@   @@@  @@  ##  @@@   #@#   ///// ,/////    @
@     (((((/ )))((   ==============================   ((((./////*     @
@   *//*./ /  .///   ===  PROGRAMMING LANGUAGE  ===  ////   / ( (//   @
@    ///// / /////   ==============================  *////* / ////    @
@     ///// ///// ((                               (( ///// /////     @
@    ((((/ , (((((                                (((((  //   /(((    @
@    (((((((/ . (((((                             ((((( */ (((((((    @
@      (((((( //((((/((((                    *((((/((((/( (((((/      @
@       .//,   */    (((((                   (((((  ///    .//.       @
@      ,////////./(  (((((*////         (///(((((( ,/(,////////       @
@         //////// ,// ((( /////,     ////// ((( //  ///////*         @
@            (((((((((,//  */////     /////   (//(((((((((            @
@            (((((((((((  (/////       //.///  (((((((((((.           @
@                   (///////// //(   (//.//////////                   @
@                  (/////////             //////////                  @
@                                                                     @
@@          A L G O N Q U I N   C O L L E G E  -  2 0 2 3 W          @@
@@@@                                                               @@@@
@@@@@@@@@@@@@@@@@@@@@@@@@@@@@@@@@@@@@@@@@@@@@@@@@@@@@@@@@@@@@@@@@@@@@@@

[Option 'P': Starting PARSER .....]

Reading file INPUT0_Empty.jup ....Please wait
This is an empty file